# JRE version: Java(TM) SE Runtime Environment (8.0_20-b26) (build 1.8.0_20-b26)
# Java VM: Java HotSpot(TM) 64-Bit Server VM (25.20-b23 mixed mode linux-amd64 compressed oops)
Heap:
 PSYoungGen      total 133120K, used 10281K [0x00000000f3100000, 0x00000000fcb00000, 0x0000000100000000)
  eden space 128512K, 8% used [0x00000000f3100000,0x00000000f3b0a4e0,0x00000000fae80000)
  from space 4608K, 0% used [0x00000000fae80000,0x00000000fae80000,0x00000000fb300000)
  to   space 4608K, 0% used [0x00000000fc680000,0x00000000fc680000,0x00000000fcb00000)
 ParOldGen       total 424960K, used 223292K [0x00000000d9200000, 0x00000000f3100000, 0x00000000f3100000)
  object space 424960K, 52% used [0x00000000d9200000,0x00000000e6c0f3e8,0x00000000f3100000)
 Metaspace       used 11207K, capacity 11262K, committed 11648K, reserved 1058816K
  class space    used 1271K, capacity 1299K, committed 1408K, reserved 1048576K
GC Heap History (10 events):
Event: 33.467 GC heap before
{Heap before GC invocations=45 (full 18):
 PSYoungGen      total 113664K, used 15067K [0x00000000f3100000, 0x00000000fba00000, 0x0000000100000000)
  eden space 109056K, 13% used [0x00000000f3100000,0x00000000f3fb6d88,0x00000000f9b80000)
  from space 4608K, 0% used [0x00000000f9b80000,0x00000000f9b80000,0x00000000fa000000)
  to   space 4608K, 0% used [0x00000000fb580000,0x00000000fb580000,0x00000000fba00000)
 ParOldGen       total 424960K, used 409858K [0x00000000d9200000, 0x00000000f3100000, 0x00000000f3100000)
  object space 424960K, 96% used [0x00000000d9200000,0x00000000f22408c8,0x00000000f3100000)
 Metaspace       used 11179K, capacity 11268K, committed 11648K, reserved 1058816K
  class space    used 1265K, capacity 1300K, committed 1408K, reserved 1048576K
Event: 33.480 GC heap after
Heap after GC invocations=45 (full 18):
 PSYoungGen      total 130560K, used 64K [0x00000000f3100000, 0x00000000fb780000, 0x0000000100000000)
  eden space 128512K, 0% used [0x00000000f3100000,0x00000000f3100000,0x00000000fae80000)
  from space 2048K, 3% used [0x00000000fb580000,0x00000000fb590000,0x00000000fb780000)
  to   space 4608K, 0% used [0x00000000fae80000,0x00000000fae80000,0x00000000fb300000)
 ParOldGen       total 424960K, used 415189K [0x00000000d9200000, 0x00000000f3100000, 0x00000000f3100000)
  object space 424960K, 97% used [0x00000000d9200000,0x00000000f2775760,0x00000000f3100000)
 Metaspace       used 11179K, capacity 11268K, committed 11648K, reserved 1058816K
  class space    used 1265K, capacity 1300K, committed 1408K, reserved 1048576K
}
Event: 33.480 GC heap before
{Heap before GC invocations=46 (full 19):
 PSYoungGen      total 130560K, used 64K [0x00000000f3100000, 0x00000000fb780000, 0x0000000100000000)
  eden space 128512K, 0% used [0x00000000f3100000,0x00000000f3100000,0x00000000fae80000)
  from space 2048K, 3% used [0x00000000fb580000,0x00000000fb590000,0x00000000fb780000)
  to   space 4608K, 0% used [0x00000000fae80000,0x00000000fae80000,0x00000000fb300000)
 ParOldGen       total 424960K, used 415189K [0x00000000d9200000, 0x00000000f3100000, 0x00000000f3100000)
  object space 424960K, 97% used [0x00000000d9200000,0x00000000f2775760,0x00000000f3100000)
 Metaspace       used 11179K, capacity 11268K, committed 11648K, reserved 1058816K
  class space    used 1265K, capacity 1300K, committed 1408K, reserved 1048576K
Event: 33.566 GC heap after
Heap after GC invocations=46 (full 19):
 PSYoungGen      total 130560K, used 0K [0x00000000f3100000, 0x00000000fb780000, 0x0000000100000000)
  eden space 128512K, 0% used [0x00000000f3100000,0x00000000f3100000,0x00000000fae80000)
  from space 2048K, 0% used [0x00000000fb580000,0x00000000fb580000,0x00000000fb780000)
  to   space 4608K, 0% used [0x00000000fae80000,0x00000000fae80000,0x00000000fb300000)
 ParOldGen       total 424960K, used 314040K [0x00000000d9200000, 0x00000000f3100000, 0x00000000f3100000)
  object space 424960K, 73% used [0x00000000d9200000,0x00000000ec4ae230,0x00000000f3100000)
 Metaspace       used 11179K, capacity 11268K, committed 11648K, reserved 1058816K
  class space    used 1265K, capacity 1300K, committed 1408K, reserved 1048576K
}
Event: 33.950 GC heap before
{Heap before GC invocations=47 (full 20):
 PSYoungGen      total 130560K, used 122466K [0x00000000f3100000, 0x00000000fb780000, 0x0000000100000000)
  eden space 128512K, 95% used [0x00000000f3100000,0x00000000fa898900,0x00000000fae80000)
  from space 2048K, 0% used [0x00000000fb580000,0x00000000fb580000,0x00000000fb780000)
  to   space 4608K, 0% used [0x00000000fae80000,0x00000000fae80000,0x00000000fb300000)
 ParOldGen       total 424960K, used 420521K [0x00000000d9200000, 0x00000000f3100000, 0x00000000f3100000)
  object space 424960K, 98% used [0x00000000d9200000,0x00000000f2caa680,0x00000000f3100000)
 Metaspace       used 11179K, capacity 11268K, committed 11648K, reserved 1058816K
  class space    used 1265K, capacity 1300K, committed 1408K, reserved 1048576K
Event: 34.055 GC heap after
Heap after GC invocations=47 (full 20):
 PSYoungGen      total 130560K, used 0K [0x00000000f3100000, 0x00000000fb780000, 0x0000000100000000)
  eden space 128512K, 0% used [0x00000000f3100000,0x00000000f3100000,0x00000000fae80000)
  from space 2048K, 0% used [0x00000000fb580000,0x00000000fb580000,0x00000000fb780000)
  to   space 4608K, 0% used [0x00000000fae80000,0x00000000fae80000,0x00000000fb300000)
 ParOldGen       total 424960K, used 223553K [0x00000000d9200000, 0x00000000f3100000, 0x00000000f3100000)
  object space 424960K, 52% used [0x00000000d9200000,0x00000000e6c504d0,0x00000000f3100000)
 Metaspace       used 11179K, capacity 11268K, committed 11648K, reserved 1058816K
  class space    used 1265K, capacity 1300K, committed 1408K, reserved 1048576K
}
Event: 34.055 GC heap before
{Heap before GC invocations=48 (full 20):
 PSYoungGen      total 130560K, used 0K [0x00000000f3100000, 0x00000000fb780000, 0x0000000100000000)
  eden space 128512K, 0% used [0x00000000f3100000,0x00000000f3100000,0x00000000fae80000)
  from space 2048K, 0% used [0x00000000fb580000,0x00000000fb580000,0x00000000fb780000)
  to   space 4608K, 0% used [0x00000000fae80000,0x00000000fae80000,0x00000000fb300000)
 ParOldGen       total 424960K, used 223553K [0x00000000d9200000, 0x00000000f3100000, 0x00000000f3100000)
  object space 424960K, 52% used [0x00000000d9200000,0x00000000e6c504d0,0x00000000f3100000)
 Metaspace       used 11179K, capacity 11268K, committed 11648K, reserved 1058816K
  class space    used 1265K, capacity 1300K, committed 1408K, reserved 1048576K
Event: 34.060 GC heap after
Heap after GC invocations=48 (full 20):
 PSYoungGen      total 133120K, used 0K [0x00000000f3100000, 0x00000000fcb00000, 0x0000000100000000)
  eden space 128512K, 0% used [0x00000000f3100000,0x00000000f3100000,0x00000000fae80000)
  from space 4608K, 0% used [0x00000000fae80000,0x00000000fae80000,0x00000000fb300000)
  to   space 4608K, 0% used [0x00000000fc680000,0x00000000fc680000,0x00000000fcb00000)
 ParOldGen       total 424960K, used 223553K [0x00000000d9200000, 0x00000000f3100000, 0x00000000f3100000)
  object space 424960K, 52% used [0x00000000d9200000,0x00000000e6c504d0,0x00000000f3100000)
 Metaspace       used 11179K, capacity 11268K, committed 11648K, reserved 1058816K
  class space    used 1265K, capacity 1300K, committed 1408K, reserved 1048576K
}
Event: 34.060 GC heap before
{Heap before GC invocations=49 (full 21):
 PSYoungGen      total 133120K, used 0K [0x00000000f3100000, 0x00000000fcb00000, 0x0000000100000000)
  eden space 128512K, 0% used [0x00000000f3100000,0x00000000f3100000,0x00000000fae80000)
  from space 4608K, 0% used [0x00000000fae80000,0x00000000fae80000,0x00000000fb300000)
  to   space 4608K, 0% used [0x00000000fc680000,0x00000000fc680000,0x00000000fcb00000)
 ParOldGen       total 424960K, used 223553K [0x00000000d9200000, 0x00000000f3100000, 0x00000000f3100000)
  object space 424960K, 52% used [0x00000000d9200000,0x00000000e6c504d0,0x00000000f3100000)
 Metaspace       used 11179K, capacity 11268K, committed 11648K, reserved 1058816K
  class space    used 1265K, capacity 1300K, committed 1408K, reserved 1048576K
Event: 34.226 GC heap after
Heap after GC invocations=49 (full 21):
 PSYoungGen      total 133120K, used 0K [0x00000000f3100000, 0x00000000fcb00000, 0x0000000100000000)
  eden space 128512K, 0% used [0x00000000f3100000,0x00000000f3100000,0x00000000fae80000)
  from space 4608K, 0% used [0x00000000fae80000,0x00000000fae80000,0x00000000fb300000)
  to   space 4608K, 0% used [0x00000000fc680000,0x00000000fc680000,0x00000000fcb00000)
 ParOldGen       total 424960K, used 223292K [0x00000000d9200000, 0x00000000f3100000, 0x00000000f3100000)
  object space 424960K, 52% used [0x00000000d9200000,0x00000000e6c0f3e8,0x00000000f3100000)
 Metaspace       used 11177K, capacity 11262K, committed 11648K, reserved 1058816K
  class space    used 1265K, capacity 1299K, committed 1408K, reserved 1048576K
}

