# JRE version: Java(TM) SE Runtime Environment (8.0_20-b26) (build 1.8.0_20-b26)
# Java VM: Java HotSpot(TM) 64-Bit Server VM (25.20-b23 mixed mode linux-amd64 compressed oops)
Heap:
 PSYoungGen      total 158208K, used 12288K [0x00000000f3100000, 0x00000000fe380000, 0x0000000100000000)
  eden space 153600K, 8% used [0x00000000f3100000,0x00000000f3d00118,0x00000000fc700000)
  from space 4608K, 0% used [0x00000000fc700000,0x00000000fc700000,0x00000000fcb80000)
  to   space 4608K, 0% used [0x00000000fdf00000,0x00000000fdf00000,0x00000000fe380000)
 ParOldGen       total 424960K, used 287349K [0x00000000d9200000, 0x00000000f3100000, 0x00000000f3100000)
  object space 424960K, 67% used [0x00000000d9200000,0x00000000eaa9d580,0x00000000f3100000)
 Metaspace       used 11200K, capacity 11262K, committed 11648K, reserved 1058816K
  class space    used 1271K, capacity 1299K, committed 1408K, reserved 1048576K
GC Heap History (10 events):
Event: 35.106 GC heap before
{Heap before GC invocations=64 (full 31):
 PSYoungGen      total 143872K, used 16435K [0x00000000f3100000, 0x00000000fc580000, 0x0000000100000000)
  eden space 142848K, 11% used [0x00000000f3100000,0x00000000f410cf68,0x00000000fbc80000)
  from space 1024K, 0% used [0x00000000fc480000,0x00000000fc480000,0x00000000fc580000)
  to   space 4608K, 0% used [0x00000000fbc80000,0x00000000fbc80000,0x00000000fc100000)
 ParOldGen       total 424960K, used 282269K [0x00000000d9200000, 0x00000000f3100000, 0x00000000f3100000)
  object space 424960K, 66% used [0x00000000d9200000,0x00000000ea5a7498,0x00000000f3100000)
 Metaspace       used 11171K, capacity 11268K, committed 11648K, reserved 1058816K
  class space    used 1266K, capacity 1300K, committed 1408K, reserved 1048576K
Event: 35.109 GC heap after
Heap after GC invocations=64 (full 31):
 PSYoungGen      total 147456K, used 32K [0x00000000f3100000, 0x00000000fd000000, 0x0000000100000000)
  eden space 142848K, 0% used [0x00000000f3100000,0x00000000f3100000,0x00000000fbc80000)
  from space 4608K, 0% used [0x00000000fbc80000,0x00000000fbc88000,0x00000000fc100000)
  to   space 4608K, 0% used [0x00000000fcb80000,0x00000000fcb80000,0x00000000fd000000)
 ParOldGen       total 424960K, used 287606K [0x00000000d9200000, 0x00000000f3100000, 0x00000000f3100000)
  object space 424960K, 67% used [0x00000000d9200000,0x00000000eaadda70,0x00000000f3100000)
 Metaspace       used 11171K, capacity 11268K, committed 11648K, reserved 1058816K
  class space    used 1266K, capacity 1300K, committed 1408K, reserved 1048576K
}
Event: 35.109 GC heap before
{Heap before GC invocations=65 (full 31):
 PSYoungGen      total 147456K, used 32K [0x00000000f3100000, 0x00000000fd000000, 0x0000000100000000)
  eden space 142848K, 0% used [0x00000000f3100000,0x00000000f3100000,0x00000000fbc80000)
  from space 4608K, 0% used [0x00000000fbc80000,0x00000000fbc88000,0x00000000fc100000)
  to   space 4608K, 0% used [0x00000000fcb80000,0x00000000fcb80000,0x00000000fd000000)
 ParOldGen       total 424960K, used 287606K [0x00000000d9200000, 0x00000000f3100000, 0x00000000f3100000)
  object space 424960K, 67% used [0x00000000d9200000,0x00000000eaadda70,0x00000000f3100000)
 Metaspace       used 11171K, capacity 11268K, committed 11648K, reserved 1058816K
  class space    used 1266K, capacity 1300K, committed 1408K, reserved 1048576K
Event: 35.110 GC heap after
Heap after GC invocations=65 (full 31):
 PSYoungGen      total 158208K, used 32K [0x00000000f3100000, 0x00000000fdb00000, 0x0000000100000000)
  eden space 153600K, 0% used [0x00000000f3100000,0x00000000f3100000,0x00000000fc700000)
  from space 4608K, 0% used [0x00000000fcb80000,0x00000000fcb88000,0x00000000fd000000)
  to   space 4608K, 0% used [0x00000000fc700000,0x00000000fc700000,0x00000000fcb80000)
 ParOldGen       total 424960K, used 287606K [0x00000000d9200000, 0x00000000f3100000, 0x00000000f3100000)
  object space 424960K, 67% used [0x00000000d9200000,0x00000000eaadda70,0x00000000f3100000)
 Metaspace       used 11171K, capacity 11268K, committed 11648K, reserved 1058816K
  class space    used 1266K, capacity 1300K, committed 1408K, reserved 1048576K
}
Event: 35.110 GC heap before
{Heap before GC invocations=66 (full 32):
 PSYoungGen      total 158208K, used 32K [0x00000000f3100000, 0x00000000fdb00000, 0x0000000100000000)
  eden space 153600K, 0% used [0x00000000f3100000,0x00000000f3100000,0x00000000fc700000)
  from space 4608K, 0% used [0x00000000fcb80000,0x00000000fcb88000,0x00000000fd000000)
  to   space 4608K, 0% used [0x00000000fc700000,0x00000000fc700000,0x00000000fcb80000)
 ParOldGen       total 424960K, used 287606K [0x00000000d9200000, 0x00000000f3100000, 0x00000000f3100000)
  object space 424960K, 67% used [0x00000000d9200000,0x00000000eaadda70,0x00000000f3100000)
 Metaspace       used 11171K, capacity 11268K, committed 11648K, reserved 1058816K
  class space    used 1266K, capacity 1300K, committed 1408K, reserved 1048576K
Event: 35.188 GC heap after
Heap after GC invocations=66 (full 32):
 PSYoungGen      total 158208K, used 0K [0x00000000f3100000, 0x00000000fdb00000, 0x0000000100000000)
  eden space 153600K, 0% used [0x00000000f3100000,0x00000000f3100000,0x00000000fc700000)
  from space 4608K, 0% used [0x00000000fcb80000,0x00000000fcb80000,0x00000000fd000000)
  to   space 4608K, 0% used [0x00000000fc700000,0x00000000fc700000,0x00000000fcb80000)
 ParOldGen       total 424960K, used 287530K [0x00000000d9200000, 0x00000000f3100000, 0x00000000f3100000)
  object space 424960K, 67% used [0x00000000d9200000,0x00000000eaacaaa8,0x00000000f3100000)
 Metaspace       used 11171K, capacity 11268K, committed 11648K, reserved 1058816K
  class space    used 1266K, capacity 1300K, committed 1408K, reserved 1048576K
}
Event: 35.188 GC heap before
{Heap before GC invocations=67 (full 32):
 PSYoungGen      total 158208K, used 0K [0x00000000f3100000, 0x00000000fdb00000, 0x0000000100000000)
  eden space 153600K, 0% used [0x00000000f3100000,0x00000000f3100000,0x00000000fc700000)
  from space 4608K, 0% used [0x00000000fcb80000,0x00000000fcb80000,0x00000000fd000000)
  to   space 4608K, 0% used [0x00000000fc700000,0x00000000fc700000,0x00000000fcb80000)
 ParOldGen       total 424960K, used 287530K [0x00000000d9200000, 0x00000000f3100000, 0x00000000f3100000)
  object space 424960K, 67% used [0x00000000d9200000,0x00000000eaacaaa8,0x00000000f3100000)
 Metaspace       used 11171K, capacity 11268K, committed 11648K, reserved 1058816K
  class space    used 1266K, capacity 1300K, committed 1408K, reserved 1048576K
Event: 35.191 GC heap after
Heap after GC invocations=67 (full 32):
 PSYoungGen      total 158208K, used 0K [0x00000000f3100000, 0x00000000fe380000, 0x0000000100000000)
  eden space 153600K, 0% used [0x00000000f3100000,0x00000000f3100000,0x00000000fc700000)
  from space 4608K, 0% used [0x00000000fc700000,0x00000000fc700000,0x00000000fcb80000)
  to   space 4608K, 0% used [0x00000000fdf00000,0x00000000fdf00000,0x00000000fe380000)
 ParOldGen       total 424960K, used 287530K [0x00000000d9200000, 0x00000000f3100000, 0x00000000f3100000)
  object space 424960K, 67% used [0x00000000d9200000,0x00000000eaacaaa8,0x00000000f3100000)
 Metaspace       used 11171K, capacity 11268K, committed 11648K, reserved 1058816K
  class space    used 1266K, capacity 1300K, committed 1408K, reserved 1048576K
}
Event: 35.191 GC heap before
{Heap before GC invocations=68 (full 33):
 PSYoungGen      total 158208K, used 0K [0x00000000f3100000, 0x00000000fe380000, 0x0000000100000000)
  eden space 153600K, 0% used [0x00000000f3100000,0x00000000f3100000,0x00000000fc700000)
  from space 4608K, 0% used [0x00000000fc700000,0x00000000fc700000,0x00000000fcb80000)
  to   space 4608K, 0% used [0x00000000fdf00000,0x00000000fdf00000,0x00000000fe380000)
 ParOldGen       total 424960K, used 287530K [0x00000000d9200000, 0x00000000f3100000, 0x00000000f3100000)
  object space 424960K, 67% used [0x00000000d9200000,0x00000000eaacaaa8,0x00000000f3100000)
 Metaspace       used 11171K, capacity 11268K, committed 11648K, reserved 1058816K
  class space    used 1266K, capacity 1300K, committed 1408K, reserved 1048576K
Event: 35.291 GC heap after
Heap after GC invocations=68 (full 33):
 PSYoungGen      total 158208K, used 0K [0x00000000f3100000, 0x00000000fe380000, 0x0000000100000000)
  eden space 153600K, 0% used [0x00000000f3100000,0x00000000f3100000,0x00000000fc700000)
  from space 4608K, 0% used [0x00000000fc700000,0x00000000fc700000,0x00000000fcb80000)
  to   space 4608K, 0% used [0x00000000fdf00000,0x00000000fdf00000,0x00000000fe380000)
 ParOldGen       total 424960K, used 287349K [0x00000000d9200000, 0x00000000f3100000, 0x00000000f3100000)
  object space 424960K, 67% used [0x00000000d9200000,0x00000000eaa9d580,0x00000000f3100000)
 Metaspace       used 11169K, capacity 11262K, committed 11648K, reserved 1058816K
  class space    used 1265K, capacity 1299K, committed 1408K, reserved 1048576K
}

