# JRE version: Java(TM) SE Runtime Environment (8.0_20-b26) (build 1.8.0_20-b26)
# Java VM: Java HotSpot(TM) 64-Bit Server VM (25.20-b23 mixed mode linux-amd64 compressed oops)
Heap:
 PSYoungGen      total 179200K, used 177972K [0x00000000f2500000, 0x0000000100000000, 0x0000000100000000)
  eden space 172032K, 100% used [0x00000000f2500000,0x00000000fcd00000,0x00000000fcd00000)
  from space 7168K, 82% used [0x00000000fd500000,0x00000000fdacd150,0x00000000fdc00000)
  to   space 8192K, 95% used [0x00000000fcd00000,0x00000000fd4a60e8,0x00000000fd500000)
 ParOldGen       total 244224K, used 217474K [0x00000000d6e00000, 0x00000000e5c80000, 0x00000000f2500000)
  object space 244224K, 89% used [0x00000000d6e00000,0x00000000e42608c8,0x00000000e5c80000)
 Metaspace       used 22371K, capacity 22556K, committed 22704K, reserved 1069056K
  class space    used 2500K, capacity 2558K, committed 2560K, reserved 1048576K
GC Heap History (10 events):
Event: 6.213 GC heap after
Heap after GC invocations=7 (full 0):
 PSYoungGen      total 96768K, used 2986K [0x00000000f2500000, 0x00000000fe200000, 0x0000000100000000)
  eden space 90112K, 0% used [0x00000000f2500000,0x00000000f2500000,0x00000000f7d00000)
  from space 6656K, 44% used [0x00000000f7d00000,0x00000000f7fea888,0x00000000f8380000)
  to   space 6656K, 0% used [0x00000000fdb80000,0x00000000fdb80000,0x00000000fe200000)
 ParOldGen       total 131584K, used 114600K [0x00000000d6e00000, 0x00000000dee80000, 0x00000000f2500000)
  object space 131584K, 87% used [0x00000000d6e00000,0x00000000dddea0b0,0x00000000dee80000)
 Metaspace       used 21126K, capacity 21214K, committed 21296K, reserved 1069056K
  class space    used 2409K, capacity 2431K, committed 2432K, reserved 1048576K
}
Event: 6.213 GC heap before
{Heap before GC invocations=8 (full 1):
 PSYoungGen      total 96768K, used 2986K [0x00000000f2500000, 0x00000000fe200000, 0x0000000100000000)
  eden space 90112K, 0% used [0x00000000f2500000,0x00000000f2500000,0x00000000f7d00000)
  from space 6656K, 44% used [0x00000000f7d00000,0x00000000f7fea888,0x00000000f8380000)
  to   space 6656K, 0% used [0x00000000fdb80000,0x00000000fdb80000,0x00000000fe200000)
 ParOldGen       total 131584K, used 114600K [0x00000000d6e00000, 0x00000000dee80000, 0x00000000f2500000)
  object space 131584K, 87% used [0x00000000d6e00000,0x00000000dddea0b0,0x00000000dee80000)
 Metaspace       used 21126K, capacity 21214K, committed 21296K, reserved 1069056K
  class space    used 2409K, capacity 2431K, committed 2432K, reserved 1048576K
Event: 6.319 GC heap after
Heap after GC invocations=8 (full 1):
 PSYoungGen      total 96768K, used 0K [0x00000000f2500000, 0x00000000fe200000, 0x0000000100000000)
  eden space 90112K, 0% used [0x00000000f2500000,0x00000000f2500000,0x00000000f7d00000)
  from space 6656K, 0% used [0x00000000f7d00000,0x00000000f7d00000,0x00000000f8380000)
  to   space 6656K, 0% used [0x00000000fdb80000,0x00000000fdb80000,0x00000000fe200000)
 ParOldGen       total 141312K, used 113139K [0x00000000d6e00000, 0x00000000df800000, 0x00000000f2500000)
  object space 141312K, 80% used [0x00000000d6e00000,0x00000000ddc7ccf8,0x00000000df800000)
 Metaspace       used 21125K, capacity 21212K, committed 21296K, reserved 1069056K
  class space    used 2408K, capacity 2430K, committed 2432K, reserved 1048576K
}
Event: 34.207 GC heap before
{Heap before GC invocations=9 (full 1):
 PSYoungGen      total 96768K, used 90112K [0x00000000f2500000, 0x00000000fe200000, 0x0000000100000000)
  eden space 90112K, 100% used [0x00000000f2500000,0x00000000f7d00000,0x00000000f7d00000)
  from space 6656K, 0% used [0x00000000f7d00000,0x00000000f7d00000,0x00000000f8380000)
  to   space 6656K, 0% used [0x00000000fdb80000,0x00000000fdb80000,0x00000000fe200000)
 ParOldGen       total 141312K, used 113139K [0x00000000d6e00000, 0x00000000df800000, 0x00000000f2500000)
  object space 141312K, 80% used [0x00000000d6e00000,0x00000000ddc7ccf8,0x00000000df800000)
 Metaspace       used 22149K, capacity 22300K, committed 22448K, reserved 1069056K
  class space    used 2488K, capacity 2558K, committed 2560K, reserved 1048576K
Event: 34.554 GC heap after
Heap after GC invocations=9 (full 1):
 PSYoungGen      total 137728K, used 6474K [0x00000000f2500000, 0x00000000fe200000, 0x0000000100000000)
  eden space 131072K, 0% used [0x00000000f2500000,0x00000000f2500000,0x00000000fa500000)
  from space 6656K, 97% used [0x00000000fdb80000,0x00000000fe1d2bc0,0x00000000fe200000)
  to   space 7680K, 0% used [0x00000000fd300000,0x00000000fd300000,0x00000000fda80000)
 ParOldGen       total 141312K, used 113147K [0x00000000d6e00000, 0x00000000df800000, 0x00000000f2500000)
  object space 141312K, 80% used [0x00000000d6e00000,0x00000000ddc7ecf8,0x00000000df800000)
 Metaspace       used 22149K, capacity 22300K, committed 22448K, reserved 1069056K
  class space    used 2488K, capacity 2558K, committed 2560K, reserved 1048576K
}
Event: 62.136 GC heap before
{Heap before GC invocations=10 (full 1):
 PSYoungGen      total 137728K, used 137546K [0x00000000f2500000, 0x00000000fe200000, 0x0000000100000000)
  eden space 131072K, 100% used [0x00000000f2500000,0x00000000fa500000,0x00000000fa500000)
  from space 6656K, 97% used [0x00000000fdb80000,0x00000000fe1d2bc0,0x00000000fe200000)
  to   space 7680K, 0% used [0x00000000fd300000,0x00000000fd300000,0x00000000fda80000)
 ParOldGen       total 244224K, used 215547K [0x00000000d6e00000, 0x00000000e5c80000, 0x00000000f2500000)
  object space 244224K, 88% used [0x00000000d6e00000,0x00000000e407ed08,0x00000000e5c80000)
 Metaspace       used 22281K, capacity 22428K, committed 22704K, reserved 1069056K
  class space    used 2500K, capacity 2558K, committed 2560K, reserved 1048576K
Event: 62.897 GC heap after
Heap after GC invocations=10 (full 1):
 PSYoungGen      total 166912K, used 1954K [0x00000000f2500000, 0x00000000fdc00000, 0x0000000100000000)
  eden space 164864K, 0% used [0x00000000f2500000,0x00000000f2500000,0x00000000fc600000)
  from space 2048K, 95% used [0x00000000fd300000,0x00000000fd4e8940,0x00000000fd500000)
  to   space 7168K, 0% used [0x00000000fd500000,0x00000000fd500000,0x00000000fdc00000)
 ParOldGen       total 244224K, used 215555K [0x00000000d6e00000, 0x00000000e5c80000, 0x00000000f2500000)
  object space 244224K, 88% used [0x00000000d6e00000,0x00000000e4080d08,0x00000000e5c80000)
 Metaspace       used 22281K, capacity 22428K, committed 22704K, reserved 1069056K
  class space    used 2500K, capacity 2558K, committed 2560K, reserved 1048576K
}
Event: 89.128 GC heap before
{Heap before GC invocations=11 (full 1):
 PSYoungGen      total 166912K, used 166818K [0x00000000f2500000, 0x00000000fdc00000, 0x0000000100000000)
  eden space 164864K, 100% used [0x00000000f2500000,0x00000000fc600000,0x00000000fc600000)
  from space 2048K, 95% used [0x00000000fd300000,0x00000000fd4e8940,0x00000000fd500000)
  to   space 7168K, 0% used [0x00000000fd500000,0x00000000fd500000,0x00000000fdc00000)
 ParOldGen       total 244224K, used 215555K [0x00000000d6e00000, 0x00000000e5c80000, 0x00000000f2500000)
  object space 244224K, 88% used [0x00000000d6e00000,0x00000000e4080d08,0x00000000e5c80000)
 Metaspace       used 22332K, capacity 22556K, committed 22704K, reserved 1069056K
  class space    used 2500K, capacity 2558K, committed 2560K, reserved 1048576K
Event: 90.769 GC heap after
Heap after GC invocations=11 (full 1):
 PSYoungGen      total 179200K, used 5940K [0x00000000f2500000, 0x0000000100000000, 0x0000000100000000)
  eden space 172032K, 0% used [0x00000000f2500000,0x00000000f2500000,0x00000000fcd00000)
  from space 7168K, 82% used [0x00000000fd500000,0x00000000fdacd150,0x00000000fdc00000)
  to   space 8192K, 0% used [0x00000000fcd00000,0x00000000fcd00000,0x00000000fd500000)
 ParOldGen       total 244224K, used 217466K [0x00000000d6e00000, 0x00000000e5c80000, 0x00000000f2500000)
  object space 244224K, 89% used [0x00000000d6e00000,0x00000000e425e8c8,0x00000000e5c80000)
 Metaspace       used 22332K, capacity 22556K, committed 22704K, reserved 1069056K
  class space    used 2500K, capacity 2558K, committed 2560K, reserved 1048576K
}
Event: 141.257 GC heap before
{Heap before GC invocations=12 (full 1):
 PSYoungGen      total 179200K, used 177972K [0x00000000f2500000, 0x0000000100000000, 0x0000000100000000)
  eden space 172032K, 100% used [0x00000000f2500000,0x00000000fcd00000,0x00000000fcd00000)
  from space 7168K, 82% used [0x00000000fd500000,0x00000000fdacd150,0x00000000fdc00000)
  to   space 8192K, 0% used [0x00000000fcd00000,0x00000000fcd00000,0x00000000fd500000)
 ParOldGen       total 244224K, used 217466K [0x00000000d6e00000, 0x00000000e5c80000, 0x00000000f2500000)
  object space 244224K, 89% used [0x00000000d6e00000,0x00000000e425e8c8,0x00000000e5c80000)
 Metaspace       used 22371K, capacity 22556K, committed 22704K, reserved 1069056K
  class space    used 2500K, capacity 2558K, committed 2560K, reserved 1048576K

